LABORATORIO 6

Asier Grandes
Jannatuk Ferdous



Apartado A

#Sin índices

mysql> select max(salaries.salary) from departments inner join dept_emp on departments.dept_no = dept_emp.dept_no inner join salaries on dept_emp.emp_no = salaries.emp_no where departments.dept_name = "Production";
+----------------------+
| max(salaries.salary) |
+----------------------+
|               138273 |
+----------------------+
1 row in set (0.49 sec)


#Tiempo de ejecución

mysql> select event_id, truncate(timer_wait/1000000000000,6) as Duration, sql_text from performance_schema.events_statements_history_long where sql_text like '%Product%';
+----------+----------+----------------------------------------------------------------------------------------------------------------------------------------------------------------------------------------------------------------+
| EVENT_ID | Duration | SQL_TEXT                                                                                                                                                                                                       |
+----------+----------+----------------------------------------------------------------------------------------------------------------------------------------------------------------------------------------------------------------+
|       90 |   0.4964 | select max(salaries.salary) from departments inner join dept_emp on departments.dept_no = dept_emp.dept_no inner join salaries on dept_emp.emp_no = salaries.emp_no where departments.dept_name = "Production" |
+----------+----------+----------------------------------------------------------------------------------------------------------------------------------------------------------------------------------------------------------------+
1 row in set (0.00 sec)


mysql> select event_name as Stage, truncate(timer_wait/1000000000000,6) as Duration from performance_schema.events_stages_history_long where nesting_event_id=90;
+------------------------------------------------+----------+
| Stage                                          | Duration |
+------------------------------------------------+----------+
| stage/sql/starting                             |   0.0003 |
| stage/sql/Executing hook on transaction begin. |   0.0000 |
| stage/sql/starting                             |   0.0000 |
| stage/sql/checking permissions                 |   0.0000 |
| stage/sql/checking permissions                 |   0.0000 |
| stage/sql/checking permissions                 |   0.0000 |
| stage/sql/Opening tables                       |   0.0001 |
| stage/sql/init                                 |   0.0000 |
| stage/sql/System lock                          |   0.0000 |
| stage/sql/optimizing                           |   0.0000 |
| stage/sql/statistics                           |   0.0002 |
| stage/sql/preparing                            |   0.0000 |
| stage/sql/executing                            |   0.4951 |
| stage/sql/end                                  |   0.0000 |
| stage/sql/query end                            |   0.0000 |
| stage/sql/waiting for handler commit           |   0.0000 |
| stage/sql/closing tables                       |   0.0000 |
| stage/sql/freeing items                        |   0.0004 |
| stage/sql/cleaning up                          |   0.0000 |
+------------------------------------------------+----------+
19 rows in set (0.01 sec)


#Pasos

mysql> explain analyze select max(salaries.salary) from departments inner join dept_emp on departments.dept_no = dept_emp.dept_no inner join salaries on dept_emp.emp_no = salaries.emp_no where departments.dept_name = "Production";
+---------------------------------------------------------------------------------------------------------------------------------------------------------------------------------------------------------------------------------------------------------------------------------------------------------------------------------------------------------------------------------------------------------------------------------------------------------------------------------------------------------------+
| EXPLAIN                                                                                                                                                                                                                                                                                                                                                                                                                                                                                                       |
+---------------------------------------------------------------------------------------------------------------------------------------------------------------------------------------------------------------------------------------------------------------------------------------------------------------------------------------------------------------------------------------------------------------------------------------------------------------------------------------------------------------+
| -> Aggregate: max(salaries.salary)  (cost=305321 rows=1) (actual time=581..581 rows=1 loops=1)
    -> Nested loop inner join  (cost=175461 rows=1.3e+6) (actual time=1.75..530 rows=697158 loops=1)
        -> Covering index lookup on dept_emp using dept_no (dept_no='d004')  (cost=13272 rows=128052) (actual time=1.7..35.1 rows=73485 loops=1)
        -> Index lookup on salaries using PRIMARY (emp_no=dept_emp.emp_no)  (cost=0.252 rows=10.1) (actual time=0.00429..0.00599 rows=9.49 loops=73485)
 |
+---------------------------------------------------------------------------------------------------------------------------------------------------------------------------------------------------------------------------------------------------------------------------------------------------------------------------------------------------------------------------------------------------------------------------------------------------------------------------------------------------------------+
1 row in set (0.59 sec)



#Con índices

mysql> alter table departments add index idx_dept_no (dept_no);
Query OK, 0 rows affected (0.07 sec)
Records: 0  Duplicates: 0  Warnings: 0

mysql> select max(salaries.salary) from departments inner join dept_emp on departments.dept_no = dept_emp.dept_no inner join salaries on dept_emp.emp_no = salaries.emp_no where departments.dept_name = "Production";
+----------------------+
| max(salaries.salary) |
+----------------------+
|               138273 |
+----------------------+
1 row in set (0.51 sec)

------ Este es el mejor resultado que hemos obtenido, hemos probado añadiendo índices a las 3 tablas que se usan en esta consulta probando varias combinaciones y el coste no baja del 0.51 


#Tiempo de ejecución

mysql> select event_id, truncate(timer_wait/1000000000000,6) as Duration, sql_text from performance_schema.events_statements_history_long where sql_text like '%Product%';

|  1099958 |   0.5011 | select max(salaries.salary) from departments inner join dept_emp on departments.dept_no = dept_emp.dept_no inner join salaries on dept_emp.emp_no = salaries.emp_no where departments.dept_name = "Production"                 |


mysql> select event_name as Stage, truncate(timer_wait/1000000000000,6) as Duration from performance_schema.events_stages_history_long where nesting_event_id=1099958;
+------------------------------------------------+----------+
| Stage                                          | Duration |
+------------------------------------------------+----------+
| stage/sql/starting                             |   0.0002 |
| stage/sql/Executing hook on transaction begin. |   0.0000 |
| stage/sql/starting                             |   0.0000 |
| stage/sql/checking permissions                 |   0.0000 |
| stage/sql/checking permissions                 |   0.0000 |
| stage/sql/checking permissions                 |   0.0000 |
| stage/sql/Opening tables                       |   0.0010 |
| stage/sql/init                                 |   0.0000 |
| stage/sql/System lock                          |   0.0000 |
| stage/sql/optimizing                           |   0.0000 |
| stage/sql/statistics                           |   0.0001 |
| stage/sql/preparing                            |   0.0000 |
| stage/sql/executing                            |   0.4991 |
| stage/sql/end                                  |   0.0000 |
| stage/sql/query end                            |   0.0000 |
| stage/sql/waiting for handler commit           |   0.0000 |
| stage/sql/closing tables                       |   0.0000 |
| stage/sql/freeing items                        |   0.0003 |
| stage/sql/cleaning up                          |   0.0000 |
+------------------------------------------------+----------+
19 rows in set (0.00 sec)


#Pasos

mysql> explain analyze select max(salaries.salary) from departments inner join dept_emp on departments.dept_no = dept_emp.dept_no inner join salaries on dept_emp.emp_no = salaries.emp_no where departme
nts.dept_name = "Production";
+----------------------------------------------------------------------------------------------------------------------------------------------------------------------------------------------------------------------------------------------------------------------------------------------------------------------------------------------------------------------------------------------------------------------------------------------------------------------------------------------------------------+
| EXPLAIN                                                                                                                                                                                                                                                                                                                                                                                                                                                                                                        |
+----------------------------------------------------------------------------------------------------------------------------------------------------------------------------------------------------------------------------------------------------------------------------------------------------------------------------------------------------------------------------------------------------------------------------------------------------------------------------------------------------------------+
| -> Aggregate: max(salaries.salary)  (cost=305321 rows=1) (actual time=646..646 rows=1 loops=1)
    -> Nested loop inner join  (cost=175461 rows=1.3e+6) (actual time=2.14..587 rows=697158 loops=1)
        -> Covering index lookup on dept_emp using dept_no (dept_no='d004')  (cost=13272 rows=128052) (actual time=2.08..38.5 rows=73485 loops=1)
        -> Index lookup on salaries using PRIMARY (emp_no=dept_emp.emp_no)  (cost=0.252 rows=10.1) (actual time=0.00481..0.00665 rows=9.49 loops=73485)
 |
+----------------------------------------------------------------------------------------------------------------------------------------------------------------------------------------------------------------------------------------------------------------------------------------------------------------------------------------------------------------------------------------------------------------------------------------------------------------------------------------------------------------+
1 row in set (0.65 sec)




Apartado B


#Sin índices

mysql> select  employees.birth_date from titles inner join employees on titles.emp_no=employees.emp_no where titles.title="Engineer" order by employees.birth_date desc limit 1;
+------------+
| birth_date |
+------------+
| 1965-02-01 |
+------------+
1 row in set (0.73 sec)


#Tiempo de ejecución

mysql> select event_id, truncate(timer_wait/1000000000000,6) as Duration, sql_text from performance_schema.events_statements_history_long where sql_text like '%Engineer%';

4480888 |   0.7275 | select  employees.birth_date from titles inner join employees on titles.emp_no=employees.emp_no where titles.title="Engineer" order by employees.birth_date desc limit 1;


mysql> select event_name as Stage, truncate(timer_wait/1000000000000,6) as Duration from performance_schema.events_stages_history_long where nesting_event_id=4480888;
+------------------------------------------------+----------+
| Stage                                          | Duration |
+------------------------------------------------+----------+
| stage/sql/starting                             |   0.0002 |
| stage/sql/Executing hook on transaction begin. |   0.0000 |
| stage/sql/starting                             |   0.0000 |
| stage/sql/checking permissions                 |   0.0000 |
| stage/sql/checking permissions                 |   0.0000 |
| stage/sql/Opening tables                       |   0.0001 |
| stage/sql/init                                 |   0.0000 |
| stage/sql/System lock                          |   0.0000 |
| stage/sql/optimizing                           |   0.0000 |
| stage/sql/statistics                           |   0.0000 |
| stage/sql/preparing                            |   0.0000 |
| stage/sql/Creating tmp table                   |   0.0001 |
| stage/sql/executing                            |   0.7264 |
| stage/sql/end                                  |   0.0000 |
| stage/sql/query end                            |   0.0000 |
| stage/sql/waiting for handler commit           |   0.0000 |
| stage/sql/closing tables                       |   0.0000 |
| stage/sql/freeing items                        |   0.0003 |
| stage/sql/cleaning up                          |   0.0000 |
+------------------------------------------------+----------+
19 rows in set (0.00 sec)


#Pasos

mysql> explain analyze select  employees.birth_date from titles inner join employees on titles.emp_no=employees.emp_no where titles.title="Engineer" order by employees.birth_date desc limit 1;
+------------------------------------------------------------------------------------------------------------------------------------------------------------------------------------------------------------------------------------------------------------------------------------------------------------------------------------------------------------------------------------------------------------------------------------------------------------------------------------------------------------------------------------------------------------------------------------------------------------------------------------------------------------------------------------------------------------------------------------------------------------------------------------------------------------------------------------+
| EXPLAIN                                                                                                                                                                                                                                                                                                                                                                                                                                                                                                                                                                                                                                                                                                                                                                                                                            |
+------------------------------------------------------------------------------------------------------------------------------------------------------------------------------------------------------------------------------------------------------------------------------------------------------------------------------------------------------------------------------------------------------------------------------------------------------------------------------------------------------------------------------------------------------------------------------------------------------------------------------------------------------------------------------------------------------------------------------------------------------------------------------------------------------------------------------------+
| -> Limit: 1 row(s)  (actual time=555..555 rows=1 loops=1)
    -> Sort: employees.birth_date DESC, limit input to 1 row(s) per chunk  (actual time=555..555 rows=1 loops=1)
        -> Stream results  (cost=59976 rows=44195) (actual time=0.357..542 rows=115003 loops=1)
            -> Nested loop inner join  (cost=59976 rows=44195) (actual time=0.347..511 rows=115003 loops=1)
                -> Filter: (titles.title = 'Engineer')  (cost=44508 rows=44195) (actual time=0.322..241 rows=115003 loops=1)
                    -> Covering index scan on titles using PRIMARY  (cost=44508 rows=441951) (actual time=0.313..186 rows=443308 loops=1)
                -> Single-row index lookup on employees using PRIMARY (emp_no=titles.emp_no)  (cost=0.25 rows=1) (actual time=0.00216..0.00219 rows=1 loops=115003)
 |
+------------------------------------------------------------------------------------------------------------------------------------------------------------------------------------------------------------------------------------------------------------------------------------------------------------------------------------------------------------------------------------------------------------------------------------------------------------------------------------------------------------------------------------------------------------------------------------------------------------------------------------------------------------------------------------------------------------------------------------------------------------------------------------------------------------------------------------+
1 row in set (0.56 sec)
			

#Con índices

mysql> alter table titles add index idx_emp_no (emp_no);
Query OK, 0 rows affected (2.62 sec)
Records: 0  Duplicates: 0  Warnings: 0

mysql> alter table employees add index idx_emp_no (emp_no);
Query OK, 0 rows affected (0.74 sec)
Records: 0  Duplicates: 0  Warnings: 0

mysql> alter table titles add index idx_title (title);
Query OK, 0 rows affected (3.41 sec)
Records: 0  Duplicates: 0  Warnings: 0


mysql> select  employees.birth_date from titles inner join employees on titles.emp_no=employees.emp_no where titles.title="Engineer" order by employees.birth_date desc limit 1;
+------------+
| birth_date |
+------------+
| 1965-02-01 |
+------------+
1 row in set (0.39 sec)


----- En este caso el uso de índices si optimiza la consulta.


#Tiempo de ejecución

mysql> select event_id, truncate(timer_wait/1000000000000,6) as Duration, sql_text from performance_schema.events_statements_history_long where sql_text like '%Engineer%';

7263585 |   0.3829 | select  employees.birth_date from titles inner join employees on titles.emp_no=employees.emp_no where titles.title="Engineer" order by employees.birth_date desc limit 1


mysql> select event_name as Stage, truncate(timer_wait/1000000000000,6) as Duration from performance_schema.events_stages_history_long where nesting_event_id=7263585;
+------------------------------------------------+----------+
| Stage                                          | Duration |
+------------------------------------------------+----------+
| stage/sql/starting                             |   0.0003 |
| stage/sql/Executing hook on transaction begin. |   0.0000 |
| stage/sql/starting                             |   0.0000 |
| stage/sql/checking permissions                 |   0.0000 |
| stage/sql/checking permissions                 |   0.0000 |
| stage/sql/Opening tables                       |   0.0000 |
| stage/sql/init                                 |   0.0000 |
| stage/sql/System lock                          |   0.0000 |
| stage/sql/optimizing                           |   0.0000 |
| stage/sql/statistics                           |   0.0054 |
| stage/sql/preparing                            |   0.0000 |
| stage/sql/executing                            |   0.3759 |
| stage/sql/end                                  |   0.0000 |
| stage/sql/query end                            |   0.0000 |
| stage/sql/waiting for handler commit           |   0.0005 |
| stage/sql/closing tables                       |   0.0000 |
| stage/sql/freeing items                        |   0.0003 |
| stage/sql/cleaning up                          |   0.0000 |
+------------------------------------------------+----------+
18 rows in set (0.01 sec)


#Pasos

mysql> explain analyze select  employees.birth_date from titles inner join employees on titles.emp_no=employees.emp_no where titles.title="Engineer" order by employees.birth_date desc limit 1;
+----------------------------------------------------------------------------------------------------------------------------------------------------------------------------------------------------------------------------------------------------------------------------------------------------------------------------------------------------------------------------------------------------------------------------------------------------------------------------------------------------------------------------------------------------------------------------+
| EXPLAIN                                                                                                                                                                                                                                                                                                                                                                                                                                                                                                                                                                    |
+----------------------------------------------------------------------------------------------------------------------------------------------------------------------------------------------------------------------------------------------------------------------------------------------------------------------------------------------------------------------------------------------------------------------------------------------------------------------------------------------------------------------------------------------------------------------------+
| -> Limit: 1 row(s)  (cost=134993 rows=1) (actual time=193..193 rows=1 loops=1)
    -> Nested loop inner join  (cost=134993 rows=299468) (actual time=193..193 rows=1 loops=1)
        -> Sort: employees.birth_date DESC  (cost=30179 rows=299468) (actual time=192..192 rows=1 loops=1)
            -> Table scan on employees  (cost=30179 rows=299468) (actual time=3.45..78.9 rows=300024 loops=1)
        -> Covering index lookup on titles using PRIMARY (emp_no=employees.emp_no, title='Engineer')  (cost=0.25 rows=1) (actual time=0.088..0.088 rows=1 loops=1)
 |
+----------------------------------------------------------------------------------------------------------------------------------------------------------------------------------------------------------------------------------------------------------------------------------------------------------------------------------------------------------------------------------------------------------------------------------------------------------------------------------------------------------------------------------------------------------------------------+
1 row in set (0.20 sec)
